<?xml version="1.0" encoding="UTF-8"?>
<!-- Generated by org.testng.reporters.JUnitReportReporter -->
<testsuite hostname="DESKTOP-LLLGMOJ" failures="0" tests="1" name="autoitexample.Example1" time="21.981" errors="0" timestamp="2024-03-31T08:10:39 IST" skipped="0">
  <testcase classname="autoitexample.Example1" name="testUploadFeatureUsingAutoIT" time="21.981"/>
  <system-out/>
</testsuite> <!-- autoitexample.Example1 -->
