<?xml version="1.0" encoding="UTF-8"?>
<!-- Generated by org.testng.reporters.JUnitReportReporter -->
<testsuite hostname="DESKTOP-LLLGMOJ" failures="0" tests="2" name="testscripts.TestOrangeHrmPim" time="55.463" errors="0" timestamp="2024-04-18T22:22:10 IST" skipped="0">
  <testcase classname="testscripts.TestOrangeHrmPim" name="testPimCreation" time="27.454"/>
  <system-out/>
  <testcase classname="testscripts.TestOrangeHrmPim" name="testPimDeletion" time="28.009"/>
  <system-out/>
</testsuite> <!-- testscripts.TestOrangeHrmPim -->
