<?xml version="1.0" encoding="UTF-8"?>
<!-- Generated by org.testng.reporters.JUnitReportReporter -->
<testsuite hostname="DESKTOP-LLLGMOJ" failures="0" tests="1" name="testscripts.HtmlUnitDriverExample" time="4.541" errors="0" timestamp="2024-01-26T13:07:32 IST" skipped="0">
  <testcase classname="testscripts.HtmlUnitDriverExample" name="testCase2" time="4.541"/>
  <system-out/>
</testsuite> <!-- testscripts.HtmlUnitDriverExample -->
