<?xml version="1.0" encoding="UTF-8"?>
<!-- Generated by org.testng.reporters.JUnitReportReporter -->
<testsuite hostname="DESKTOP-LLLGMOJ" failures="0" tests="4" name="testscripts.swagLabLoginValidationNShop" time="4.309" errors="0" timestamp="2024-01-23T08:57:26 IST" skipped="0">
  <testcase classname="testscripts.swagLabLoginValidationNShop" name="testLoginLogout" time="1.533"/>
  <system-out/>
  <testcase classname="testscripts.swagLabLoginValidationNShop" name="testcart" time="0.002"/>
  <system-out/>
  <testcase classname="testscripts.swagLabLoginValidationNShop" name="testCheckoutOverview" time="0.001"/>
  <system-out/>
  <testcase classname="testscripts.swagLabLoginValidationNShop" name="testShoppingOnSwagLab" time="2.773"/>
  <system-out/>
</testsuite> <!-- testscripts.swagLabLoginValidationNShop -->
